<?xml version="1.0" encoding="UTF-8"?>
<!-- Generated by org.testng.reporters.JUnitXMLReporter -->
<testsuite hostname="LAPTOP-SLN9IRQQ" failures="0" tests="4" name="Test" time="0.016" errors="0" timestamp="27 Jan 2021 05:16:09 GMT">
  <testcase classname="qaclickacademy.Mavenjava.RESTAPITest" name="deleteTwitter" time="0.006"/>
  <testcase classname="qaclickacademy.Mavenjava.RESTAPITest" name="postJIRA" time="0.0"/>
  <testcase classname="qaclickacademy.Mavenjava.AppiumTest" name="AndriodApp" time="0.0"/>
  <testcase classname="qaclickacademy.Mavenjava.AppiumTest" name="IOSAPP" time="0.001"/>
</testsuite> <!-- Test -->
